d:\유준환\154기\250314\250314\x64\debug\250314.pch
d:\유준환\154기\250314\250314\x64\debug\vc143.pdb
d:\유준환\154기\250314\250314\x64\debug\vc143.idb
d:\유준환\154기\250314\250314\x64\debug\pch.obj
d:\유준환\154기\250314\250314\x64\debug\cmaingame.obj
d:\유준환\154기\250314\250314\x64\debug\250314.obj
d:\유준환\154기\250314\x64\debug\250314.exe
d:\유준환\154기\250314\x64\debug\250314.pdb
d:\유준환\154기\250314\250314\x64\debug\250314.res
d:\유준환\154기\250314\250314\x64\debug\250314.ilk
d:\유준환\154기\250314\250314\x64\debug\250314.tlog\cl.command.1.tlog
d:\유준환\154기\250314\250314\x64\debug\250314.tlog\cl.items.tlog
d:\유준환\154기\250314\250314\x64\debug\250314.tlog\cl.read.1.tlog
d:\유준환\154기\250314\250314\x64\debug\250314.tlog\cl.write.1.tlog
d:\유준환\154기\250314\250314\x64\debug\250314.tlog\link.command.1.tlog
d:\유준환\154기\250314\250314\x64\debug\250314.tlog\link.read.1.tlog
d:\유준환\154기\250314\250314\x64\debug\250314.tlog\link.secondary.1.tlog
d:\유준환\154기\250314\250314\x64\debug\250314.tlog\link.write.1.tlog
d:\유준환\154기\250314\250314\x64\debug\250314.tlog\rc.command.1.tlog
d:\유준환\154기\250314\250314\x64\debug\250314.tlog\rc.read.1.tlog
d:\유준환\154기\250314\250314\x64\debug\250314.tlog\rc.write.1.tlog
