  CCollisionMgr.cpp
C:\Users\kjh23\OneDrive\바탕 화면\쥬신\250318\250314\CCollisionMgr.cpp(22,41): warning C4838: 'float'에서 'LONG'(으)로의 변환에는 축소 변환이 필요합니다.
  (소스 파일 '/CCollisionMgr.cpp'을(를) 컴파일하는 중)
  
C:\Users\kjh23\OneDrive\바탕 화면\쥬신\250318\250314\CCollisionMgr.cpp(22,41): warning C4244: '초기화 중': 'float'에서 'LONG'(으)로 변환하면서 데이터가 손실될 수 있습니다.
  (소스 파일 '/CCollisionMgr.cpp'을(를) 컴파일하는 중)
  
C:\Users\kjh23\OneDrive\바탕 화면\쥬신\250318\250314\CCollisionMgr.cpp(22,92): warning C4838: 'float'에서 'LONG'(으)로의 변환에는 축소 변환이 필요합니다.
  (소스 파일 '/CCollisionMgr.cpp'을(를) 컴파일하는 중)
  
C:\Users\kjh23\OneDrive\바탕 화면\쥬신\250318\250314\CCollisionMgr.cpp(22,92): warning C4244: '초기화 중': 'float'에서 'LONG'(으)로 변환하면서 데이터가 손실될 수 있습니다.
  (소스 파일 '/CCollisionMgr.cpp'을(를) 컴파일하는 중)
  
C:\Users\kjh23\OneDrive\바탕 화면\쥬신\250318\250314\CCollisionMgr.cpp(22,145): warning C4838: 'float'에서 'LONG'(으)로의 변환에는 축소 변환이 필요합니다.
  (소스 파일 '/CCollisionMgr.cpp'을(를) 컴파일하는 중)
  
C:\Users\kjh23\OneDrive\바탕 화면\쥬신\250318\250314\CCollisionMgr.cpp(22,145): warning C4244: '초기화 중': 'float'에서 'LONG'(으)로 변환하면서 데이터가 손실될 수 있습니다.
  (소스 파일 '/CCollisionMgr.cpp'을(를) 컴파일하는 중)
  
C:\Users\kjh23\OneDrive\바탕 화면\쥬신\250318\250314\CCollisionMgr.cpp(22,199): warning C4838: 'float'에서 'LONG'(으)로의 변환에는 축소 변환이 필요합니다.
  (소스 파일 '/CCollisionMgr.cpp'을(를) 컴파일하는 중)
  
C:\Users\kjh23\OneDrive\바탕 화면\쥬신\250318\250314\CCollisionMgr.cpp(22,199): warning C4244: '초기화 중': 'float'에서 'LONG'(으)로 변환하면서 데이터가 손실될 수 있습니다.
  (소스 파일 '/CCollisionMgr.cpp'을(를) 컴파일하는 중)
  
C:\Users\kjh23\OneDrive\바탕 화면\쥬신\250318\250314\CCollisionMgr.cpp(23,38): warning C4838: 'float'에서 'LONG'(으)로의 변환에는 축소 변환이 필요합니다.
  (소스 파일 '/CCollisionMgr.cpp'을(를) 컴파일하는 중)
  
C:\Users\kjh23\OneDrive\바탕 화면\쥬신\250318\250314\CCollisionMgr.cpp(23,38): warning C4244: '초기화 중': 'float'에서 'LONG'(으)로 변환하면서 데이터가 손실될 수 있습니다.
  (소스 파일 '/CCollisionMgr.cpp'을(를) 컴파일하는 중)
  
C:\Users\kjh23\OneDrive\바탕 화면\쥬신\250318\250314\CCollisionMgr.cpp(23,60): warning C4838: 'float'에서 'LONG'(으)로의 변환에는 축소 변환이 필요합니다.
  (소스 파일 '/CCollisionMgr.cpp'을(를) 컴파일하는 중)
  
C:\Users\kjh23\OneDrive\바탕 화면\쥬신\250318\250314\CCollisionMgr.cpp(23,60): warning C4244: '초기화 중': 'float'에서 'LONG'(으)로 변환하면서 데이터가 손실될 수 있습니다.
  (소스 파일 '/CCollisionMgr.cpp'을(를) 컴파일하는 중)
  
C:\Users\kjh23\OneDrive\바탕 화면\쥬신\250318\250314\CCollisionMgr.cpp(23,82): warning C4838: 'float'에서 'LONG'(으)로의 변환에는 축소 변환이 필요합니다.
  (소스 파일 '/CCollisionMgr.cpp'을(를) 컴파일하는 중)
  
C:\Users\kjh23\OneDrive\바탕 화면\쥬신\250318\250314\CCollisionMgr.cpp(23,82): warning C4244: '초기화 중': 'float'에서 'LONG'(으)로 변환하면서 데이터가 손실될 수 있습니다.
  (소스 파일 '/CCollisionMgr.cpp'을(를) 컴파일하는 중)
  
C:\Users\kjh23\OneDrive\바탕 화면\쥬신\250318\250314\CCollisionMgr.cpp(23,104): warning C4838: 'float'에서 'LONG'(으)로의 변환에는 축소 변환이 필요합니다.
  (소스 파일 '/CCollisionMgr.cpp'을(를) 컴파일하는 중)
  
C:\Users\kjh23\OneDrive\바탕 화면\쥬신\250318\250314\CCollisionMgr.cpp(23,104): warning C4244: '초기화 중': 'float'에서 'LONG'(으)로 변환하면서 데이터가 손실될 수 있습니다.
  (소스 파일 '/CCollisionMgr.cpp'을(를) 컴파일하는 중)
  
C:\Users\kjh23\OneDrive\바탕 화면\쥬신\250318\250314\CCollisionMgr.cpp(33,41): warning C4838: 'float'에서 'LONG'(으)로의 변환에는 축소 변환이 필요합니다.
  (소스 파일 '/CCollisionMgr.cpp'을(를) 컴파일하는 중)
  
C:\Users\kjh23\OneDrive\바탕 화면\쥬신\250318\250314\CCollisionMgr.cpp(33,41): warning C4244: '초기화 중': 'float'에서 'LONG'(으)로 변환하면서 데이터가 손실될 수 있습니다.
  (소스 파일 '/CCollisionMgr.cpp'을(를) 컴파일하는 중)
  
C:\Users\kjh23\OneDrive\바탕 화면\쥬신\250318\250314\CCollisionMgr.cpp(33,92): warning C4838: 'float'에서 'LONG'(으)로의 변환에는 축소 변환이 필요합니다.
  (소스 파일 '/CCollisionMgr.cpp'을(를) 컴파일하는 중)
  
C:\Users\kjh23\OneDrive\바탕 화면\쥬신\250318\250314\CCollisionMgr.cpp(33,92): warning C4244: '초기화 중': 'float'에서 'LONG'(으)로 변환하면서 데이터가 손실될 수 있습니다.
  (소스 파일 '/CCollisionMgr.cpp'을(를) 컴파일하는 중)
  
C:\Users\kjh23\OneDrive\바탕 화면\쥬신\250318\250314\CCollisionMgr.cpp(33,145): warning C4838: 'float'에서 'LONG'(으)로의 변환에는 축소 변환이 필요합니다.
  (소스 파일 '/CCollisionMgr.cpp'을(를) 컴파일하는 중)
  
C:\Users\kjh23\OneDrive\바탕 화면\쥬신\250318\250314\CCollisionMgr.cpp(33,145): warning C4244: '초기화 중': 'float'에서 'LONG'(으)로 변환하면서 데이터가 손실될 수 있습니다.
  (소스 파일 '/CCollisionMgr.cpp'을(를) 컴파일하는 중)
  
C:\Users\kjh23\OneDrive\바탕 화면\쥬신\250318\250314\CCollisionMgr.cpp(33,199): warning C4838: 'float'에서 'LONG'(으)로의 변환에는 축소 변환이 필요합니다.
  (소스 파일 '/CCollisionMgr.cpp'을(를) 컴파일하는 중)
  
C:\Users\kjh23\OneDrive\바탕 화면\쥬신\250318\250314\CCollisionMgr.cpp(33,199): warning C4244: '초기화 중': 'float'에서 'LONG'(으)로 변환하면서 데이터가 손실될 수 있습니다.
  (소스 파일 '/CCollisionMgr.cpp'을(를) 컴파일하는 중)
  
C:\Users\kjh23\OneDrive\바탕 화면\쥬신\250318\250314\CCollisionMgr.cpp(34,39): warning C4838: 'float'에서 'LONG'(으)로의 변환에는 축소 변환이 필요합니다.
  (소스 파일 '/CCollisionMgr.cpp'을(를) 컴파일하는 중)
  
C:\Users\kjh23\OneDrive\바탕 화면\쥬신\250318\250314\CCollisionMgr.cpp(34,39): warning C4244: '초기화 중': 'float'에서 'LONG'(으)로 변환하면서 데이터가 손실될 수 있습니다.
  (소스 파일 '/CCollisionMgr.cpp'을(를) 컴파일하는 중)
  
C:\Users\kjh23\OneDrive\바탕 화면\쥬신\250318\250314\CCollisionMgr.cpp(34,63): warning C4838: 'float'에서 'LONG'(으)로의 변환에는 축소 변환이 필요합니다.
  (소스 파일 '/CCollisionMgr.cpp'을(를) 컴파일하는 중)
  
C:\Users\kjh23\OneDrive\바탕 화면\쥬신\250318\250314\CCollisionMgr.cpp(34,63): warning C4244: '초기화 중': 'float'에서 'LONG'(으)로 변환하면서 데이터가 손실될 수 있습니다.
  (소스 파일 '/CCollisionMgr.cpp'을(를) 컴파일하는 중)
  
C:\Users\kjh23\OneDrive\바탕 화면\쥬신\250318\250314\CCollisionMgr.cpp(34,87): warning C4838: 'float'에서 'LONG'(으)로의 변환에는 축소 변환이 필요합니다.
  (소스 파일 '/CCollisionMgr.cpp'을(를) 컴파일하는 중)
  
C:\Users\kjh23\OneDrive\바탕 화면\쥬신\250318\250314\CCollisionMgr.cpp(34,87): warning C4244: '초기화 중': 'float'에서 'LONG'(으)로 변환하면서 데이터가 손실될 수 있습니다.
  (소스 파일 '/CCollisionMgr.cpp'을(를) 컴파일하는 중)
  
C:\Users\kjh23\OneDrive\바탕 화면\쥬신\250318\250314\CCollisionMgr.cpp(34,111): warning C4838: 'float'에서 'LONG'(으)로의 변환에는 축소 변환이 필요합니다.
  (소스 파일 '/CCollisionMgr.cpp'을(를) 컴파일하는 중)
  
C:\Users\kjh23\OneDrive\바탕 화면\쥬신\250318\250314\CCollisionMgr.cpp(34,111): warning C4244: '초기화 중': 'float'에서 'LONG'(으)로 변환하면서 데이터가 손실될 수 있습니다.
  (소스 파일 '/CCollisionMgr.cpp'을(를) 컴파일하는 중)
  
  250314.vcxproj -> C:\Users\kjh23\OneDrive\바탕 화면\쥬신\250318\x64\Debug\250314.exe
