  pch.cpp
  250317.cpp
  CBullet.cpp
  CMainGame.cpp
  CMonster.cpp
C:\Users\kjh23\OneDrive\바탕 화면\쥬신\250317 - 복사본\250317\CMainGame.cpp(36,11): warning C4244: '초기화 중': 'double'에서 'float'(으)로 변환하면서 데이터가 손실될 수 있습니다.
  CObj.cpp
  (소스 파일 '/CMainGame.cpp'을(를) 컴파일하는 중)
  
C:\Users\kjh23\OneDrive\바탕 화면\쥬신\250317 - 복사본\250317\CMainGame.cpp(37,11): warning C4244: '초기화 중': 'double'에서 'float'(으)로 변환하면서 데이터가 손실될 수 있습니다.
  (소스 파일 '/CMainGame.cpp'을(를) 컴파일하는 중)
  
  CPlayer.cpp
C:\Users\kjh23\OneDrive\바탕 화면\쥬신\250317 - 복사본\250317\CPlayer.cpp(27,42): warning C4244: '인수': 'double'에서 'float'(으)로 변환하면서 데이터가 손실될 수 있습니다.
  (소스 파일 '/CPlayer.cpp'을(를) 컴파일하는 중)
  
C:\Users\kjh23\OneDrive\바탕 화면\쥬신\250317 - 복사본\250317\CPlayer.cpp(30,42): warning C4244: '인수': 'double'에서 'float'(으)로 변환하면서 데이터가 손실될 수 있습니다.
  (소스 파일 '/CPlayer.cpp'을(를) 컴파일하는 중)
  
C:\Users\kjh23\OneDrive\바탕 화면\쥬신\250317 - 복사본\250317\CPlayer.cpp(53,42): warning C4244: '인수': 'const float'에서 'int'(으)로 변환하면서 데이터가 손실될 수 있습니다.
  (소스 파일 '/CPlayer.cpp'을(를) 컴파일하는 중)
  
C:\Users\kjh23\OneDrive\바탕 화면\쥬신\250317 - 복사본\250317\CPlayer.cpp(53,26): warning C4244: '인수': 'const float'에서 'int'(으)로 변환하면서 데이터가 손실될 수 있습니다.
  (소스 파일 '/CPlayer.cpp'을(를) 컴파일하는 중)
  
C:\Users\kjh23\OneDrive\바탕 화면\쥬신\250317 - 복사본\250317\CPlayer.cpp(54,17): warning C4244: '인수': 'float'에서 'int'(으)로 변환하면서 데이터가 손실될 수 있습니다.
  (소스 파일 '/CPlayer.cpp'을(를) 컴파일하는 중)
  
C:\Users\kjh23\OneDrive\바탕 화면\쥬신\250317 - 복사본\250317\CPlayer.cpp(54,14): warning C4244: '인수': 'float'에서 'int'(으)로 변환하면서 데이터가 손실될 수 있습니다.
  (소스 파일 '/CPlayer.cpp'을(를) 컴파일하는 중)
  
  코드를 생성하고 있습니다...
  250317.vcxproj -> C:\Users\kjh23\OneDrive\바탕 화면\쥬신\250317 - 복사본\x64\Debug\250317.exe
