d:\유준환\154기\250224\250224\x64\debug\250224.pch
d:\유준환\154기\250224\250224\x64\debug\vc143.pdb
d:\유준환\154기\250224\250224\x64\debug\vc143.idb
d:\유준환\154기\250224\250224\x64\debug\pch.obj
d:\유준환\154기\250224\250224\x64\debug\cplayer.obj
d:\유준환\154기\250224\250224\x64\debug\cmonster.obj
d:\유준환\154기\250224\250224\x64\debug\cmaingame.obj
d:\유준환\154기\250224\250224\x64\debug\cfield.obj
d:\유준환\154기\250224\250224\x64\debug\cobj.obj
d:\유준환\154기\250224\x64\debug\250224.exe
d:\유준환\154기\250224\x64\debug\250224.pdb
d:\유준환\154기\250224\250224\x64\debug\250224.ilk
d:\유준환\154기\250224\250224\x64\debug\250224.obj
d:\유준환\154기\250224\250224\x64\debug\250224.tlog\cl.command.1.tlog
d:\유준환\154기\250224\250224\x64\debug\250224.tlog\cl.items.tlog
d:\유준환\154기\250224\250224\x64\debug\250224.tlog\cl.read.1.tlog
d:\유준환\154기\250224\250224\x64\debug\250224.tlog\cl.write.1.tlog
d:\유준환\154기\250224\250224\x64\debug\250224.tlog\link.command.1.tlog
d:\유준환\154기\250224\250224\x64\debug\250224.tlog\link.read.1.tlog
d:\유준환\154기\250224\250224\x64\debug\250224.tlog\link.secondary.1.tlog
d:\유준환\154기\250224\250224\x64\debug\250224.tlog\link.write.1.tlog
